<?xml version="1.0" encoding="UTF-8"?>
<testsuite xmlns:xsi="http://www.w3.org/2001/XMLSchema-instance" xsi:noNamespaceSchemaLocation="https://maven.apache.org/surefire/maven-surefire-plugin/xsd/surefire-test-report.xsd" version="3.0.1" name="uga.csx370.AppTest" time="0.205" tests="4" errors="0" skipped="0" failures="0">
  <properties>
[...]
</properties>
  <testcase name="shouldAnswerWithTrue" classname="uga.csx370.AppTest" time="0.034"/>
  <testcase name="project" classname="uga.csx370.AppTest" time="0.008">
    <system-out><![CDATA[PROJECT: SUCCESS
]]></system-out>
  </testcase>
  <testcase name="project_throws_exception" classname="uga.csx370.AppTest" time="0.011">
    <system-out><![CDATA[PROJECT_EXCEPTION: SUCCESS
]]></system-out>
  </testcase>
  <testcase name="select_test" classname="uga.csx370.AppTest" time="0.11">
    <system-out><![CDATA[+-------+---------+------------+----------+
| id    | name    | dept_name  | salary   | 
+-------+---------+------------+----------+
| 14365 | Lembr   | Accounting | 32241.56 | 
| 31955 | Moreira | Accounting | 71351.42 | 
| 57180 | Hau     | Accounting | 43966.29 | 
| 79081 | Ullman  | Accounting | 47307.10 | 
+-------+---------+------------+----------+
isAccounting: SUCCESS
+-------+------------+-------------+-----------+
| id    | name       | dept_name   | salary    | 
+-------+------------+-------------+-----------+
| 16807 | Yazdi      | Athletics   |  98333.65 | 
| 19368 | Wieland    | Pol. Sci.   | 124651.41 | 
| 25946 | Liley      | Languages   |  90891.69 | 
| 28400 | Atanassov  | Statistics  |  84982.92 | 
|  3199 | Gustafsson | Elec. Eng.  |  82534.37 | 
|  3335 | Bourrier   | Comp. Sci.  |  80797.83 | 
| 34175 | Bondi      | Comp. Sci.  | 115469.11 | 
| 37687 | Arias      | Statistics  | 104563.38 | 
|  4233 | Luo        | English     |  88791.45 | 
| 48507 | Lent       | Mech. Eng.  | 107978.47 | 
| 48570 | Sarkar     | Pol. Sci.   |  87549.80 | 
| 50330 | Shuming    | Physics     | 108011.81 | 
| 52647 | Bancilhon  | Pol. Sci.   |  87958.01 | 
| 63287 | Jaekel     | Athletics   | 103146.87 | 
| 63395 | McKinnon   | Cybernetics |  94333.99 | 
|  6569 | Mingoz     | Finance     | 105311.38 | 
| 73623 | Sullivan   | Elec. Eng.  |  90038.09 | 
| 74420 | Voronina   | Physics     | 121141.99 | 
| 74426 | Kenje      | Marketing   | 106554.73 | 
| 77346 | Mahmoud    | Geology     |  99382.59 | 
| 79653 | Levine     | Elec. Eng.  |  89805.83 | 
| 90376 | Bietzk     | Cybernetics | 117836.50 | 
| 95709 | Sakurai    | English     | 118143.98 | 
| 96895 | Mird       | Marketing   | 119921.41 | 
| 99052 | Dale       | Cybernetics |  93348.83 | 
+-------+------------+-------------+-----------+
salary_gt_80K: SUCCESS
+--------+-------------+------------+---------------+
| stu_id | name        | dept_name  | total_credits | 
+--------+-------------+------------+---------------+
|  10076 | Duan        | Civil Eng. |           105 | 
|  12362 | Zhanr       | Civil Eng. |           115 | 
|  17133 | Kang        | Civil Eng. |           109 | 
|  18752 | Schulman    | Civil Eng. |           102 | 
|   2848 | Carr        | Civil Eng. |           121 | 
|  30397 | Dism        | Civil Eng. |           116 | 
|  32385 | Park        | Civil Eng. |           120 | 
|  33206 | McCormack   | Civil Eng. |           109 | 
|  40677 | Ponnambalam | Civil Eng. |           127 | 
|  41973 | Werf        | Civil Eng. |           115 | 
|  49339 | Snif        | Civil Eng. |           107 | 
|  51923 | Peterson    | Civil Eng. |           128 | 
|  60762 | Bernstein   | Civil Eng. |           120 | 
|  64039 | Aarde       | Civil Eng. |           120 | 
|  64938 | Kaep        | Civil Eng. |           126 | 
|  66229 | Qvi         | Civil Eng. |           128 | 
|  81785 | Crues       | Civil Eng. |           102 | 
|   8192 | Verma       | Civil Eng. |           123 | 
|  86641 | Dair        | Civil Eng. |           101 | 
|  91063 | Dair        | Civil Eng. |           105 | 
|  96067 | Sugavanam   | Civil Eng. |           113 | 
|  97551 | Labaye      | Civil Eng. |           128 | 
|  99660 | OMalley     | Civil Eng. |           128 | 
+--------+-------------+------------+---------------+
credits_civil_eng: SUCCESS
]]></system-out>
  </testcase>
</testsuite>